\BOOKMARK [0][-]{chapter.1}{Einleitung}{}% 1
\BOOKMARK [1][-]{section.1.1}{Ausgangslage}{chapter.1}% 2
\BOOKMARK [1][-]{section.1.2}{Zielsetzung}{chapter.1}% 3
\BOOKMARK [1][-]{section.1.3}{Aufbau der Diplomarbeit}{chapter.1}% 4
\BOOKMARK [1][-]{section.1.4}{Basic Terminology}{chapter.1}% 5
\BOOKMARK [1][-]{section.1.5}{Related Work and Projects}{chapter.1}% 6
\BOOKMARK [1][-]{section.1.6}{Structure of the Thesis}{chapter.1}% 7
\BOOKMARK [-1][-]{part.1}{I Verwendete Technologien}{}% 8
\BOOKMARK [0][-]{chapter.2}{Software}{part.1}% 9
\BOOKMARK [1][-]{section.2.1}{HTML5}{chapter.2}% 10
\BOOKMARK [1][-]{section.2.2}{JavaScript}{chapter.2}% 11
\BOOKMARK [1][-]{section.2.3}{WebGL}{chapter.2}% 12
\BOOKMARK [1][-]{section.2.4}{NGINX}{chapter.2}% 13
\BOOKMARK [1][-]{section.2.5}{AutoCAD}{chapter.2}% 14
\BOOKMARK [1][-]{section.2.6}{Electron}{chapter.2}% 15
\BOOKMARK [1][-]{section.2.7}{Git}{chapter.2}% 16
\BOOKMARK [0][-]{chapter.3}{Dateien}{part.1}% 17
\BOOKMARK [1][-]{section.3.1}{.FBX}{chapter.3}% 18
\BOOKMARK [1][-]{section.3.2}{.OBJ}{chapter.3}% 19
\BOOKMARK [1][-]{section.3.3}{.GLB}{chapter.3}% 20
\BOOKMARK [0][-]{chapter.4}{Lizenzen}{part.1}% 21
\BOOKMARK [1][-]{section.4.1}{MIT-Lizenz}{chapter.4}% 22
\BOOKMARK [1][-]{section.4.2}{BSD-Lizenz}{chapter.4}% 23
\BOOKMARK [1][-]{section.4.3}{GNU General Public License}{chapter.4}% 24
\BOOKMARK [-1][-]{part.2}{II Grundlagen und Methoden}{}% 25
\BOOKMARK [-1][-]{part.3}{III Umsetzung}{}% 26
\BOOKMARK [0][-]{chapter.5}{Aufbau und Systemarchitektur}{part.3}% 27
\BOOKMARK [1][-]{section.5.1}{Systemarchitektur \205 Web-Applikation}{chapter.5}% 28
\BOOKMARK [1][-]{section.5.2}{Systemarchitektur \205 Electron Anwendung}{chapter.5}% 29
\BOOKMARK [0][-]{chapter.6}{Summary}{part.3}% 30
\BOOKMARK [0][-]{appendix.A}{Additional Information}{part.3}% 31
\BOOKMARK [0][-]{appendix.B}{Individual Goals}{part.3}% 32
